[    1802ms] [VERBOSE] [DOM] Input elements should have autocomplete attributes (suggested: "current-password"): (More info: https://goo.gl/9p2vKq) %o @ https://barmate.vercel.app/login:0
[    2492ms] [ERROR] Failed to load resource: the server responded with a status of 401 () @ https://zrsrabjncqfizqoapkeq.supabase.co/rest/v1/open_orders?select=*:0
[    2493ms] [ERROR] Failed to load resource: the server responded with a status of 401 () @ https://zrsrabjncqfizqoapkeq.supabase.co/rest/v1/guest_requests?select=*&status=eq.pending:0
[    2495ms] [ERROR] Supabase fetch error for open_orders: {code: 42501, details: null, hint: null, message: permission denied for table open_orders} @ https://barmate.vercel.app/_next/static/chunks/1684-6fb9175694d838f4.js:0
[    2495ms] [ERROR] Supabase fetch error for guest_requests: {code: 42501, details: null, hint: null, message: permission denied for table guest_requests} @ https://barmate.vercel.app/_next/static/chunks/1684-6fb9175694d838f4.js:0
[    2504ms] [ERROR] Failed to load resource: the server responded with a status of 401 () @ https://zrsrabjncqfizqoapkeq.supabase.co/rest/v1/app_state?select=key%2Cvalue%2Cupdated_at:0
[    2504ms] [ERROR] Erro ao carregar app_state do Supabase: {code: 42501, details: null, hint: null, message: permission denied for table app_state} @ https://barmate.vercel.app/_next/static/chunks/1684-6fb9175694d838f4.js:0
[   16738ms] [ERROR] Failed to load resource: the server responded with a status of 401 () @ https://zrsrabjncqfizqoapkeq.supabase.co/rest/v1/open_orders?select=*:0
[   16739ms] [ERROR] Failed to load resource: the server responded with a status of 401 () @ https://zrsrabjncqfizqoapkeq.supabase.co/rest/v1/guest_requests?select=*&status=eq.pending:0
[   16740ms] [ERROR] Supabase fetch error for open_orders: {code: 42501, details: null, hint: null, message: permission denied for table open_orders} @ https://barmate.vercel.app/_next/static/chunks/1684-6fb9175694d838f4.js:0
[   16741ms] [ERROR] Supabase fetch error for guest_requests: {code: 42501, details: null, hint: null, message: permission denied for table guest_requests} @ https://barmate.vercel.app/_next/static/chunks/1684-6fb9175694d838f4.js:0
[   31717ms] [ERROR] Failed to load resource: the server responded with a status of 401 () @ https://zrsrabjncqfizqoapkeq.supabase.co/rest/v1/guest_requests?select=*&status=eq.pending:0
[   31717ms] [ERROR] Supabase fetch error for guest_requests: {code: 42501, details: null, hint: null, message: permission denied for table guest_requests} @ https://barmate.vercel.app/_next/static/chunks/1684-6fb9175694d838f4.js:0
[   31721ms] [ERROR] Failed to load resource: the server responded with a status of 401 () @ https://zrsrabjncqfizqoapkeq.supabase.co/rest/v1/open_orders?select=*:0
[   31722ms] [ERROR] Supabase fetch error for open_orders: {code: 42501, details: null, hint: null, message: permission denied for table open_orders} @ https://barmate.vercel.app/_next/static/chunks/1684-6fb9175694d838f4.js:0
[   46756ms] [ERROR] Failed to load resource: the server responded with a status of 401 () @ https://zrsrabjncqfizqoapkeq.supabase.co/rest/v1/open_orders?select=*:0
[   46756ms] [ERROR] Supabase fetch error for open_orders: {code: 42501, details: null, hint: null, message: permission denied for table open_orders} @ https://barmate.vercel.app/_next/static/chunks/1684-6fb9175694d838f4.js:0
[   46758ms] [ERROR] Failed to load resource: the server responded with a status of 401 () @ https://zrsrabjncqfizqoapkeq.supabase.co/rest/v1/guest_requests?select=*&status=eq.pending:0
[   46759ms] [ERROR] Supabase fetch error for guest_requests: {code: 42501, details: null, hint: null, message: permission denied for table guest_requests} @ https://barmate.vercel.app/_next/static/chunks/1684-6fb9175694d838f4.js:0
[   61730ms] [ERROR] Failed to load resource: the server responded with a status of 401 () @ https://zrsrabjncqfizqoapkeq.supabase.co/rest/v1/open_orders?select=*:0
[   61730ms] [ERROR] Failed to load resource: the server responded with a status of 401 () @ https://zrsrabjncqfizqoapkeq.supabase.co/rest/v1/guest_requests?select=*&status=eq.pending:0
[   61732ms] [ERROR] Supabase fetch error for open_orders: {code: 42501, details: null, hint: null, message: permission denied for table open_orders} @ https://barmate.vercel.app/_next/static/chunks/1684-6fb9175694d838f4.js:0
[   61732ms] [ERROR] Supabase fetch error for guest_requests: {code: 42501, details: null, hint: null, message: permission denied for table guest_requests} @ https://barmate.vercel.app/_next/static/chunks/1684-6fb9175694d838f4.js:0
