[      27ms] [ERROR] Failed to load resource: the server responded with a status of 401 () @ https://zrsrabjncqfizqoapkeq.supabase.co/rest/v1/app_state:0
[      31ms] [ERROR] Erro ao salvar app_state[barmate_openOrders_v2] no Supabase: {code: 42501, details: null, hint: null, message: permission denied for table app_state} @ https://barmate.vercel.app/_next/static/chunks/1684-6fb9175694d838f4.js:0
[      51ms] [ERROR] Failed to load resource: the server responded with a status of 401 () @ https://zrsrabjncqfizqoapkeq.supabase.co/rest/v1/app_state:0
[      56ms] [ERROR] Erro ao salvar app_state[barmate_openOrders_v2] no Supabase: {code: 42501, details: null, hint: null, message: permission denied for table app_state} @ https://barmate.vercel.app/_next/static/chunks/1684-6fb9175694d838f4.js:0
[      84ms] [ERROR] Failed to load resource: the server responded with a status of 401 () @ https://zrsrabjncqfizqoapkeq.supabase.co/rest/v1/app_state:0
[      85ms] [ERROR] Erro ao salvar app_state[barmate_openOrders_v2] no Supabase: {code: 42501, details: null, hint: null, message: permission denied for table app_state} @ https://barmate.vercel.app/_next/static/chunks/1684-6fb9175694d838f4.js:0
[     111ms] [ERROR] Failed to load resource: the server responded with a status of 401 () @ https://zrsrabjncqfizqoapkeq.supabase.co/rest/v1/app_state:0
[     114ms] [ERROR] Erro ao salvar app_state[barmate_openOrders_v2] no Supabase: {code: 42501, details: null, hint: null, message: permission denied for table app_state} @ https://barmate.vercel.app/_next/static/chunks/1684-6fb9175694d838f4.js:0
[     116ms] [ERROR] Failed to load resource: the server responded with a status of 401 () @ https://zrsrabjncqfizqoapkeq.supabase.co/rest/v1/app_state:0
[     120ms] [ERROR] Erro ao salvar app_state[barmate_openOrders_v2] no Supabase: {code: 42501, details: null, hint: null, message: permission denied for table app_state} @ https://barmate.vercel.app/_next/static/chunks/1684-6fb9175694d838f4.js:0
[     127ms] [ERROR] Failed to load resource: the server responded with a status of 401 () @ https://zrsrabjncqfizqoapkeq.supabase.co/rest/v1/app_state:0
[     129ms] [ERROR] Failed to load resource: the server responded with a status of 401 () @ https://zrsrabjncqfizqoapkeq.supabase.co/rest/v1/app_state:0
[     130ms] [ERROR] Failed to load resource: the server responded with a status of 401 () @ https://zrsrabjncqfizqoapkeq.supabase.co/rest/v1/app_state:0
[     132ms] [ERROR] Erro ao salvar app_state[barmate_openOrders_v2] no Supabase: {code: 42501, details: null, hint: null, message: permission denied for table app_state} @ https://barmate.vercel.app/_next/static/chunks/1684-6fb9175694d838f4.js:0
[     133ms] [ERROR] Erro ao salvar app_state[barmate_openOrders_v2] no Supabase: {code: 42501, details: null, hint: null, message: permission denied for table app_state} @ https://barmate.vercel.app/_next/static/chunks/1684-6fb9175694d838f4.js:0
[     133ms] [ERROR] Erro ao salvar app_state[barmate_openOrders_v2] no Supabase: {code: 42501, details: null, hint: null, message: permission denied for table app_state} @ https://barmate.vercel.app/_next/static/chunks/1684-6fb9175694d838f4.js:0
[     141ms] [ERROR] Failed to load resource: the server responded with a status of 401 () @ https://zrsrabjncqfizqoapkeq.supabase.co/rest/v1/app_state:0
[     143ms] [ERROR] Erro ao salvar app_state[barmate_openOrders_v2] no Supabase: {code: 42501, details: null, hint: null, message: permission denied for table app_state} @ https://barmate.vercel.app/_next/static/chunks/1684-6fb9175694d838f4.js:0
[     161ms] [ERROR] Failed to load resource: the server responded with a status of 401 () @ https://zrsrabjncqfizqoapkeq.supabase.co/rest/v1/app_state:0
[     162ms] [ERROR] Failed to load resource: the server responded with a status of 401 () @ https://zrsrabjncqfizqoapkeq.supabase.co/rest/v1/app_state:0
[     165ms] [ERROR] Erro ao salvar app_state[barmate_openOrders_v2] no Supabase: {code: 42501, details: null, hint: null, message: permission denied for table app_state} @ https://barmate.vercel.app/_next/static/chunks/1684-6fb9175694d838f4.js:0
[     166ms] [ERROR] Erro ao salvar app_state[barmate_openOrders_v2] no Supabase: {code: 42501, details: null, hint: null, message: permission denied for table app_state} @ https://barmate.vercel.app/_next/static/chunks/1684-6fb9175694d838f4.js:0
[     170ms] [ERROR] Failed to load resource: the server responded with a status of 401 () @ https://zrsrabjncqfizqoapkeq.supabase.co/rest/v1/app_state:0
[     171ms] [ERROR] Failed to load resource: the server responded with a status of 401 () @ https://zrsrabjncqfizqoapkeq.supabase.co/rest/v1/app_state:0
[     175ms] [ERROR] Failed to load resource: the server responded with a status of 401 () @ https://zrsrabjncqfizqoapkeq.supabase.co/rest/v1/app_state:0
[     176ms] [ERROR] Failed to load resource: the server responded with a status of 401 () @ https://zrsrabjncqfizqoapkeq.supabase.co/rest/v1/app_state:0
[     179ms] [ERROR] Erro ao salvar app_state[barmate_openOrders_v2] no Supabase: {code: 42501, details: null, hint: null, message: permission denied for table app_state} @ https://barmate.vercel.app/_next/static/chunks/1684-6fb9175694d838f4.js:0
[     179ms] [ERROR] Erro ao salvar app_state[barmate_openOrders_v2] no Supabase: {code: 42501, details: null, hint: null, message: permission denied for table app_state} @ https://barmate.vercel.app/_next/static/chunks/1684-6fb9175694d838f4.js:0
[     180ms] [ERROR] Erro ao salvar app_state[barmate_openOrders_v2] no Supabase: {code: 42501, details: null, hint: null, message: permission denied for table app_state} @ https://barmate.vercel.app/_next/static/chunks/1684-6fb9175694d838f4.js:0
[     180ms] [ERROR] Erro ao salvar app_state[barmate_openOrders_v2] no Supabase: {code: 42501, details: null, hint: null, message: permission denied for table app_state} @ https://barmate.vercel.app/_next/static/chunks/1684-6fb9175694d838f4.js:0
[     210ms] [ERROR] Failed to load resource: the server responded with a status of 401 () @ https://zrsrabjncqfizqoapkeq.supabase.co/rest/v1/app_state:0
[     211ms] [ERROR] Failed to load resource: the server responded with a status of 401 () @ https://zrsrabjncqfizqoapkeq.supabase.co/rest/v1/app_state:0
[     214ms] [ERROR] Erro ao salvar app_state[barmate_openOrders_v2] no Supabase: {code: 42501, details: null, hint: null, message: permission denied for table app_state} @ https://barmate.vercel.app/_next/static/chunks/1684-6fb9175694d838f4.js:0
[     214ms] [ERROR] Erro ao salvar app_state[barmate_openOrders_v2] no Supabase: {code: 42501, details: null, hint: null, message: permission denied for table app_state} @ https://barmate.vercel.app/_next/static/chunks/1684-6fb9175694d838f4.js:0
[     218ms] [ERROR] Failed to load resource: the server responded with a status of 401 () @ https://zrsrabjncqfizqoapkeq.supabase.co/rest/v1/app_state:0
[     231ms] [ERROR] Erro ao salvar app_state[barmate_openOrders_v2] no Supabase: {code: 42501, details: null, hint: null, message: permission denied for table app_state} @ https://barmate.vercel.app/_next/static/chunks/1684-6fb9175694d838f4.js:0
[     281ms] [ERROR] Failed to load resource: the server responded with a status of 401 () @ https://zrsrabjncqfizqoapkeq.supabase.co/rest/v1/app_state:0
[     281ms] [ERROR] Failed to load resource: the server responded with a status of 401 () @ https://zrsrabjncqfizqoapkeq.supabase.co/rest/v1/app_state:0
[     282ms] [ERROR] Failed to load resource: the server responded with a status of 401 () @ https://zrsrabjncqfizqoapkeq.supabase.co/rest/v1/app_state:0
[     283ms] [ERROR] Erro ao salvar app_state[barmate_openOrders_v2] no Supabase: {code: 42501, details: null, hint: null, message: permission denied for table app_state} @ https://barmate.vercel.app/_next/static/chunks/1684-6fb9175694d838f4.js:0
[     284ms] [ERROR] Erro ao salvar app_state[barmate_openOrders_v2] no Supabase: {code: 42501, details: null, hint: null, message: permission denied for table app_state} @ https://barmate.vercel.app/_next/static/chunks/1684-6fb9175694d838f4.js:0
[     284ms] [ERROR] Erro ao salvar app_state[barmate_openOrders_v2] no Supabase: {code: 42501, details: null, hint: null, message: permission denied for table app_state} @ https://barmate.vercel.app/_next/static/chunks/1684-6fb9175694d838f4.js:0
[     290ms] [ERROR] Failed to load resource: the server responded with a status of 401 () @ https://zrsrabjncqfizqoapkeq.supabase.co/rest/v1/app_state:0
[     291ms] [ERROR] Failed to load resource: the server responded with a status of 401 () @ https://zrsrabjncqfizqoapkeq.supabase.co/rest/v1/app_state:0
[     293ms] [ERROR] Erro ao salvar app_state[barmate_openOrders_v2] no Supabase: {code: 42501, details: null, hint: null, message: permission denied for table app_state} @ https://barmate.vercel.app/_next/static/chunks/1684-6fb9175694d838f4.js:0
[     293ms] [ERROR] Erro ao salvar app_state[barmate_openOrders_v2] no Supabase: {code: 42501, details: null, hint: null, message: permission denied for table app_state} @ https://barmate.vercel.app/_next/static/chunks/1684-6fb9175694d838f4.js:0
[     309ms] [ERROR] Failed to load resource: the server responded with a status of 401 () @ https://zrsrabjncqfizqoapkeq.supabase.co/rest/v1/app_state:0
[     314ms] [ERROR] Failed to load resource: the server responded with a status of 401 () @ https://zrsrabjncqfizqoapkeq.supabase.co/rest/v1/app_state:0
[     315ms] [ERROR] Erro ao salvar app_state[barmate_openOrders_v2] no Supabase: {code: 42501, details: null, hint: null, message: permission denied for table app_state} @ https://barmate.vercel.app/_next/static/chunks/1684-6fb9175694d838f4.js:0
[     320ms] [ERROR] Erro ao salvar app_state[barmate_openOrders_v2] no Supabase: {code: 42501, details: null, hint: null, message: permission denied for table app_state} @ https://barmate.vercel.app/_next/static/chunks/1684-6fb9175694d838f4.js:0
[     320ms] [ERROR] Failed to load resource: the server responded with a status of 401 () @ https://zrsrabjncqfizqoapkeq.supabase.co/rest/v1/app_state:0
[     325ms] [ERROR] Failed to load resource: the server responded with a status of 401 () @ https://zrsrabjncqfizqoapkeq.supabase.co/rest/v1/app_state:0
[     326ms] [ERROR] Failed to load resource: the server responded with a status of 401 () @ https://zrsrabjncqfizqoapkeq.supabase.co/rest/v1/app_state:0
[     329ms] [ERROR] Failed to load resource: the server responded with a status of 401 () @ https://zrsrabjncqfizqoapkeq.supabase.co/rest/v1/app_state:0
[     330ms] [ERROR] Failed to load resource: the server responded with a status of 401 () @ https://zrsrabjncqfizqoapkeq.supabase.co/rest/v1/app_state:0
[     330ms] [ERROR] Erro ao salvar app_state[barmate_openOrders_v2] no Supabase: {code: 42501, details: null, hint: null, message: permission denied for table app_state} @ https://barmate.vercel.app/_next/static/chunks/1684-6fb9175694d838f4.js:0
[     332ms] [ERROR] Erro ao salvar app_state[barmate_openOrders_v2] no Supabase: {code: 42501, details: null, hint: null, message: permission denied for table app_state} @ https://barmate.vercel.app/_next/static/chunks/1684-6fb9175694d838f4.js:0
[     332ms] [ERROR] Erro ao salvar app_state[barmate_openOrders_v2] no Supabase: {code: 42501, details: null, hint: null, message: permission denied for table app_state} @ https://barmate.vercel.app/_next/static/chunks/1684-6fb9175694d838f4.js:0
[     335ms] [ERROR] Erro ao salvar app_state[barmate_openOrders_v2] no Supabase: {code: 42501, details: null, hint: null, message: permission denied for table app_state} @ https://barmate.vercel.app/_next/static/chunks/1684-6fb9175694d838f4.js:0
[     335ms] [ERROR] Erro ao salvar app_state[barmate_openOrders_v2] no Supabase: {code: 42501, details: null, hint: null, message: permission denied for table app_state} @ https://barmate.vercel.app/_next/static/chunks/1684-6fb9175694d838f4.js:0
[     365ms] [ERROR] Failed to load resource: the server responded with a status of 401 () @ https://zrsrabjncqfizqoapkeq.supabase.co/rest/v1/app_state:0
[     368ms] [ERROR] Erro ao salvar app_state[barmate_openOrders_v2] no Supabase: {code: 42501, details: null, hint: null, message: permission denied for table app_state} @ https://barmate.vercel.app/_next/static/chunks/1684-6fb9175694d838f4.js:0
[     369ms] [ERROR] Failed to load resource: the server responded with a status of 401 () @ https://zrsrabjncqfizqoapkeq.supabase.co/rest/v1/app_state:0
[     369ms] [ERROR] Failed to load resource: the server responded with a status of 401 () @ https://zrsrabjncqfizqoapkeq.supabase.co/rest/v1/app_state:0
[     375ms] [ERROR] Erro ao salvar app_state[barmate_openOrders_v2] no Supabase: {code: 42501, details: null, hint: null, message: permission denied for table app_state} @ https://barmate.vercel.app/_next/static/chunks/1684-6fb9175694d838f4.js:0
[     376ms] [ERROR] Erro ao salvar app_state[barmate_openOrders_v2] no Supabase: {code: 42501, details: null, hint: null, message: permission denied for table app_state} @ https://barmate.vercel.app/_next/static/chunks/1684-6fb9175694d838f4.js:0
[     409ms] [ERROR] Failed to load resource: the server responded with a status of 401 () @ https://zrsrabjncqfizqoapkeq.supabase.co/rest/v1/app_state:0
[     410ms] [ERROR] Failed to load resource: the server responded with a status of 401 () @ https://zrsrabjncqfizqoapkeq.supabase.co/rest/v1/app_state:0
[     411ms] [ERROR] Erro ao salvar app_state[barmate_openOrders_v2] no Supabase: {code: 42501, details: null, hint: null, message: permission denied for table app_state} @ https://barmate.vercel.app/_next/static/chunks/1684-6fb9175694d838f4.js:0
[     412ms] [ERROR] Erro ao salvar app_state[barmate_openOrders_v2] no Supabase: {code: 42501, details: null, hint: null, message: permission denied for table app_state} @ https://barmate.vercel.app/_next/static/chunks/1684-6fb9175694d838f4.js:0
[     416ms] [ERROR] Failed to load resource: the server responded with a status of 401 () @ https://zrsrabjncqfizqoapkeq.supabase.co/rest/v1/app_state:0
[     420ms] [ERROR] Erro ao salvar app_state[barmate_openOrders_v2] no Supabase: {code: 42501, details: null, hint: null, message: permission denied for table app_state} @ https://barmate.vercel.app/_next/static/chunks/1684-6fb9175694d838f4.js:0
[     422ms] [ERROR] Failed to load resource: the server responded with a status of 401 () @ https://zrsrabjncqfizqoapkeq.supabase.co/rest/v1/app_state:0
[     426ms] [ERROR] Erro ao salvar app_state[barmate_openOrders_v2] no Supabase: {code: 42501, details: null, hint: null, message: permission denied for table app_state} @ https://barmate.vercel.app/_next/static/chunks/1684-6fb9175694d838f4.js:0
[     439ms] [ERROR] Failed to load resource: the server responded with a status of 401 () @ https://zrsrabjncqfizqoapkeq.supabase.co/rest/v1/app_state:0
[     445ms] [ERROR] Erro ao salvar app_state[barmate_openOrders_v2] no Supabase: {code: 42501, details: null, hint: null, message: permission denied for table app_state} @ https://barmate.vercel.app/_next/static/chunks/1684-6fb9175694d838f4.js:0
[     460ms] [ERROR] Failed to load resource: the server responded with a status of 401 () @ https://zrsrabjncqfizqoapkeq.supabase.co/rest/v1/app_state:0
[     461ms] [ERROR] Failed to load resource: the server responded with a status of 401 () @ https://zrsrabjncqfizqoapkeq.supabase.co/rest/v1/app_state:0
[     462ms] [ERROR] Erro ao salvar app_state[barmate_openOrders_v2] no Supabase: {code: 42501, details: null, hint: null, message: permission denied for table app_state} @ https://barmate.vercel.app/_next/static/chunks/1684-6fb9175694d838f4.js:0
[     463ms] [ERROR] Erro ao salvar app_state[barmate_openOrders_v2] no Supabase: {code: 42501, details: null, hint: null, message: permission denied for table app_state} @ https://barmate.vercel.app/_next/static/chunks/1684-6fb9175694d838f4.js:0
[     479ms] [ERROR] Failed to load resource: the server responded with a status of 401 () @ https://zrsrabjncqfizqoapkeq.supabase.co/rest/v1/app_state:0
[     483ms] [ERROR] Erro ao salvar app_state[barmate_openOrders_v2] no Supabase: {code: 42501, details: null, hint: null, message: permission denied for table app_state} @ https://barmate.vercel.app/_next/static/chunks/1684-6fb9175694d838f4.js:0
[     492ms] [ERROR] Failed to load resource: the server responded with a status of 401 () @ https://zrsrabjncqfizqoapkeq.supabase.co/rest/v1/app_state:0
[     493ms] [ERROR] Failed to load resource: the server responded with a status of 401 () @ https://zrsrabjncqfizqoapkeq.supabase.co/rest/v1/app_state:0
[     493ms] [ERROR] Failed to load resource: the server responded with a status of 401 () @ https://zrsrabjncqfizqoapkeq.supabase.co/rest/v1/app_state:0
[     494ms] [ERROR] Failed to load resource: the server responded with a status of 401 () @ https://zrsrabjncqfizqoapkeq.supabase.co/rest/v1/app_state:0
[     497ms] [ERROR] Erro ao salvar app_state[barmate_openOrders_v2] no Supabase: {code: 42501, details: null, hint: null, message: permission denied for table app_state} @ https://barmate.vercel.app/_next/static/chunks/1684-6fb9175694d838f4.js:0
[     497ms] [ERROR] Erro ao salvar app_state[barmate_openOrders_v2] no Supabase: {code: 42501, details: null, hint: null, message: permission denied for table app_state} @ https://barmate.vercel.app/_next/static/chunks/1684-6fb9175694d838f4.js:0
[     498ms] [ERROR] Erro ao salvar app_state[barmate_openOrders_v2] no Supabase: {code: 42501, details: null, hint: null, message: permission denied for table app_state} @ https://barmate.vercel.app/_next/static/chunks/1684-6fb9175694d838f4.js:0
[     498ms] [ERROR] Erro ao salvar app_state[barmate_openOrders_v2] no Supabase: {code: 42501, details: null, hint: null, message: permission denied for table app_state} @ https://barmate.vercel.app/_next/static/chunks/1684-6fb9175694d838f4.js:0
[     501ms] [ERROR] Failed to load resource: the server responded with a status of 401 () @ https://zrsrabjncqfizqoapkeq.supabase.co/rest/v1/app_state:0
[     514ms] [ERROR] Erro ao salvar app_state[barmate_openOrders_v2] no Supabase: {code: 42501, details: null, hint: null, message: permission denied for table app_state} @ https://barmate.vercel.app/_next/static/chunks/1684-6fb9175694d838f4.js:0
[     515ms] [ERROR] Failed to load resource: the server responded with a status of 401 () @ https://zrsrabjncqfizqoapkeq.supabase.co/rest/v1/app_state:0
[     523ms] [ERROR] Erro ao salvar app_state[barmate_openOrders_v2] no Supabase: {code: 42501, details: null, hint: null, message: permission denied for table app_state} @ https://barmate.vercel.app/_next/static/chunks/1684-6fb9175694d838f4.js:0
[     527ms] [ERROR] Failed to load resource: the server responded with a status of 401 () @ https://zrsrabjncqfizqoapkeq.supabase.co/rest/v1/app_state:0
[     531ms] [ERROR] Erro ao salvar app_state[barmate_openOrders_v2] no Supabase: {code: 42501, details: null, hint: null, message: permission denied for table app_state} @ https://barmate.vercel.app/_next/static/chunks/1684-6fb9175694d838f4.js:0
[     564ms] [ERROR] Failed to load resource: the server responded with a status of 401 () @ https://zrsrabjncqfizqoapkeq.supabase.co/rest/v1/app_state:0
[     570ms] [ERROR] Erro ao salvar app_state[barmate_openOrders_v2] no Supabase: {code: 42501, details: null, hint: null, message: permission denied for table app_state} @ https://barmate.vercel.app/_next/static/chunks/1684-6fb9175694d838f4.js:0
[     591ms] [ERROR] Erro ao salvar app_state[barmate_openOrders_v2] no Supabase: {message: TypeError: Failed to fetch, details: TypeError: Failed to fetch
    at https://barmate.…xt/static/chunks/6052-b3307c07b1d75248.js:1:1482), hint: , code: } @ https://barmate.vercel.app/_next/static/chunks/1684-6fb9175694d838f4.js:0
[     593ms] [ERROR] Erro ao salvar app_state[barmate_openOrders_v2] no Supabase: {message: TypeError: Failed to fetch, details: TypeError: Failed to fetch
    at https://barmate.…xt/static/chunks/6052-b3307c07b1d75248.js:1:1482), hint: , code: } @ https://barmate.vercel.app/_next/static/chunks/1684-6fb9175694d838f4.js:0
[     752ms] [ERROR] Failed to load resource: the server responded with a status of 401 () @ https://zrsrabjncqfizqoapkeq.supabase.co/rest/v1/guest_requests?select=*&status=eq.pending:0
[     757ms] [ERROR] Supabase fetch error for guest_requests: {code: 42501, details: null, hint: null, message: permission denied for table guest_requests} @ https://barmate.vercel.app/_next/static/chunks/1684-6fb9175694d838f4.js:0
[     758ms] [ERROR] Failed to load resource: the server responded with a status of 401 () @ https://zrsrabjncqfizqoapkeq.supabase.co/rest/v1/open_orders?select=*:0
[     759ms] [ERROR] Supabase fetch error for open_orders: {code: 42501, details: null, hint: null, message: permission denied for table open_orders} @ https://barmate.vercel.app/_next/static/chunks/1684-6fb9175694d838f4.js:0
[     793ms] [ERROR] Failed to load resource: the server responded with a status of 401 () @ https://zrsrabjncqfizqoapkeq.supabase.co/rest/v1/app_state?select=key%2Cvalue%2Cupdated_at:0
[     794ms] [ERROR] Erro ao carregar app_state do Supabase: {code: 42501, details: null, hint: null, message: permission denied for table app_state} @ https://barmate.vercel.app/_next/static/chunks/1684-6fb9175694d838f4.js:0
[     806ms] [ERROR] Failed to load resource: the server responded with a status of 401 () @ https://zrsrabjncqfizqoapkeq.supabase.co/rest/v1/app_state?select=*&key=eq.barmate_openOrders_v2:0
[     807ms] [ERROR] Falha ao sincronizar alterações pendentes: {code: 42501, details: null, hint: null, message: permission denied for table app_state} @ https://barmate.vercel.app/_next/static/chunks/1684-6fb9175694d838f4.js:0
[   10859ms] [ERROR] Failed to load resource: the server responded with a status of 401 () @ https://zrsrabjncqfizqoapkeq.supabase.co/rest/v1/app_state?select=*&key=eq.barmate_openOrders_v2:0
[   10860ms] [ERROR] Falha ao sincronizar alterações pendentes: {code: 42501, details: null, hint: null, message: permission denied for table app_state} @ https://barmate.vercel.app/_next/static/chunks/1684-6fb9175694d838f4.js:0
[   15737ms] [ERROR] Failed to load resource: the server responded with a status of 401 () @ https://zrsrabjncqfizqoapkeq.supabase.co/rest/v1/open_orders?select=*:0
[   15738ms] [ERROR] Failed to load resource: the server responded with a status of 401 () @ https://zrsrabjncqfizqoapkeq.supabase.co/rest/v1/guest_requests?select=*&status=eq.pending:0
[   15739ms] [ERROR] Supabase fetch error for open_orders: {code: 42501, details: null, hint: null, message: permission denied for table open_orders} @ https://barmate.vercel.app/_next/static/chunks/1684-6fb9175694d838f4.js:0
[   15739ms] [ERROR] Supabase fetch error for guest_requests: {code: 42501, details: null, hint: null, message: permission denied for table guest_requests} @ https://barmate.vercel.app/_next/static/chunks/1684-6fb9175694d838f4.js:0
[   20874ms] [ERROR] Failed to load resource: the server responded with a status of 401 () @ https://zrsrabjncqfizqoapkeq.supabase.co/rest/v1/app_state?select=*&key=eq.barmate_openOrders_v2:0
[   20874ms] [ERROR] Falha ao sincronizar alterações pendentes: {code: 42501, details: null, hint: null, message: permission denied for table app_state} @ https://barmate.vercel.app/_next/static/chunks/1684-6fb9175694d838f4.js:0
[   30741ms] [ERROR] Failed to load resource: the server responded with a status of 401 () @ https://zrsrabjncqfizqoapkeq.supabase.co/rest/v1/open_orders?select=*:0
[   30742ms] [ERROR] Supabase fetch error for open_orders: {code: 42501, details: null, hint: null, message: permission denied for table open_orders} @ https://barmate.vercel.app/_next/static/chunks/1684-6fb9175694d838f4.js:0
[   30761ms] [ERROR] Failed to load resource: the server responded with a status of 401 () @ https://zrsrabjncqfizqoapkeq.supabase.co/rest/v1/guest_requests?select=*&status=eq.pending:0
[   30763ms] [ERROR] Supabase fetch error for guest_requests: {code: 42501, details: null, hint: null, message: permission denied for table guest_requests} @ https://barmate.vercel.app/_next/static/chunks/1684-6fb9175694d838f4.js:0
[   30845ms] [ERROR] Failed to load resource: the server responded with a status of 401 () @ https://zrsrabjncqfizqoapkeq.supabase.co/rest/v1/app_state?select=*&key=eq.barmate_openOrders_v2:0
[   30845ms] [ERROR] Falha ao sincronizar alterações pendentes: {code: 42501, details: null, hint: null, message: permission denied for table app_state} @ https://barmate.vercel.app/_next/static/chunks/1684-6fb9175694d838f4.js:0
[   40867ms] [ERROR] Failed to load resource: the server responded with a status of 401 () @ https://zrsrabjncqfizqoapkeq.supabase.co/rest/v1/app_state?select=*&key=eq.barmate_openOrders_v2:0
[   40867ms] [ERROR] Falha ao sincronizar alterações pendentes: {code: 42501, details: null, hint: null, message: permission denied for table app_state} @ https://barmate.vercel.app/_next/static/chunks/1684-6fb9175694d838f4.js:0
[   45751ms] [ERROR] Failed to load resource: the server responded with a status of 401 () @ https://zrsrabjncqfizqoapkeq.supabase.co/rest/v1/open_orders?select=*:0
[   45752ms] [ERROR] Failed to load resource: the server responded with a status of 401 () @ https://zrsrabjncqfizqoapkeq.supabase.co/rest/v1/guest_requests?select=*&status=eq.pending:0
[   45754ms] [ERROR] Supabase fetch error for open_orders: {code: 42501, details: null, hint: null, message: permission denied for table open_orders} @ https://barmate.vercel.app/_next/static/chunks/1684-6fb9175694d838f4.js:0
[   45755ms] [ERROR] Supabase fetch error for guest_requests: {code: 42501, details: null, hint: null, message: permission denied for table guest_requests} @ https://barmate.vercel.app/_next/static/chunks/1684-6fb9175694d838f4.js:0
[   50856ms] [ERROR] Failed to load resource: the server responded with a status of 401 () @ https://zrsrabjncqfizqoapkeq.supabase.co/rest/v1/app_state?select=*&key=eq.barmate_openOrders_v2:0
[   50856ms] [ERROR] Falha ao sincronizar alterações pendentes: {code: 42501, details: null, hint: null, message: permission denied for table app_state} @ https://barmate.vercel.app/_next/static/chunks/1684-6fb9175694d838f4.js:0
[   60752ms] [ERROR] Failed to load resource: the server responded with a status of 401 () @ https://zrsrabjncqfizqoapkeq.supabase.co/rest/v1/guest_requests?select=*&status=eq.pending:0
[   60768ms] [ERROR] Failed to load resource: the server responded with a status of 401 () @ https://zrsrabjncqfizqoapkeq.supabase.co/rest/v1/open_orders?select=*:0
[   60771ms] [ERROR] Supabase fetch error for guest_requests: {code: 42501, details: null, hint: null, message: permission denied for table guest_requests} @ https://barmate.vercel.app/_next/static/chunks/1684-6fb9175694d838f4.js:0
[   60772ms] [ERROR] Supabase fetch error for open_orders: {code: 42501, details: null, hint: null, message: permission denied for table open_orders} @ https://barmate.vercel.app/_next/static/chunks/1684-6fb9175694d838f4.js:0
[   60869ms] [ERROR] Failed to load resource: the server responded with a status of 401 () @ https://zrsrabjncqfizqoapkeq.supabase.co/rest/v1/app_state?select=*&key=eq.barmate_openOrders_v2:0
[   60869ms] [ERROR] Falha ao sincronizar alterações pendentes: {code: 42501, details: null, hint: null, message: permission denied for table app_state} @ https://barmate.vercel.app/_next/static/chunks/1684-6fb9175694d838f4.js:0
[   70872ms] [ERROR] Failed to load resource: the server responded with a status of 401 () @ https://zrsrabjncqfizqoapkeq.supabase.co/rest/v1/app_state?select=*&key=eq.barmate_openOrders_v2:0
[   70873ms] [ERROR] Falha ao sincronizar alterações pendentes: {code: 42501, details: null, hint: null, message: permission denied for table app_state} @ https://barmate.vercel.app/_next/static/chunks/1684-6fb9175694d838f4.js:0
